C:\USERS\GREGORY PARSONS\DOCUMENTS\GITHUB\CS566SAMPLECODE\RAYTRACE\DEBUG\GETOPT_LONG.OBJ
C:\USERS\GREGORY PARSONS\DOCUMENTS\GITHUB\CS566SAMPLECODE\RAYTRACE\DEBUG\RAYTRACE.OBJ
C:\USERS\GREGORY PARSONS\DOCUMENTS\GITHUB\CS566SAMPLECODE\RAYTRACE\DEBUG\SCENE.OBJ
C:\USERS\GREGORY PARSONS\DOCUMENTS\GITHUB\CS566SAMPLECODE\RAYTRACE\DEBUG\VC110.PDB
C:\USERS\GREGORY PARSONS\DOCUMENTS\GITHUB\CS566SAMPLECODE\RAYTRACE\DEBUG\IMAGE.OBJ
C:\USERS\GREGORY PARSONS\DOCUMENTS\GITHUB\CS566SAMPLECODE\RAYTRACE\DEBUG\VECTOR3D.OBJ
C:\USERS\GREGORY PARSONS\DOCUMENTS\GITHUB\CS566SAMPLECODE\RAYTRACE\DEBUG\CAMERA.OBJ
C:\USERS\GREGORY PARSONS\DOCUMENTS\GITHUB\CS566SAMPLECODE\RAYTRACE\DEBUG\PLANE.OBJ
C:\USERS\GREGORY PARSONS\DOCUMENTS\GITHUB\CS566SAMPLECODE\RAYTRACE\DEBUG\TRIANGLE.OBJ
C:\USERS\GREGORY PARSONS\DOCUMENTS\GITHUB\CS566SAMPLECODE\RAYTRACE\DEBUG\SPHERE.OBJ
C:\USERS\GREGORY PARSONS\DOCUMENTS\GITHUB\CS566SAMPLECODE\RAYTRACE\DEBUG\MATERIAL.OBJ
C:\USERS\GREGORY PARSONS\DOCUMENTS\GITHUB\CS566SAMPLECODE\RAYTRACE\DEBUG\GROUP.OBJ
C:\Users\Gregory Parsons\Documents\GitHub\CS566SampleCode\raytrace\Debug\Camera.obj
C:\Users\Gregory Parsons\Documents\GitHub\CS566SampleCode\raytrace\Debug\getopt_long.obj
C:\Users\Gregory Parsons\Documents\GitHub\CS566SampleCode\raytrace\Debug\Group.obj
C:\Users\Gregory Parsons\Documents\GitHub\CS566SampleCode\raytrace\Debug\Image.obj
C:\Users\Gregory Parsons\Documents\GitHub\CS566SampleCode\raytrace\Debug\Material.obj
C:\Users\Gregory Parsons\Documents\GitHub\CS566SampleCode\raytrace\Debug\Plane.obj
C:\Users\Gregory Parsons\Documents\GitHub\CS566SampleCode\raytrace\Debug\raytrace.obj
C:\Users\Gregory Parsons\Documents\GitHub\CS566SampleCode\raytrace\Debug\Scene.obj
C:\Users\Gregory Parsons\Documents\GitHub\CS566SampleCode\raytrace\Debug\Sphere.obj
C:\Users\Gregory Parsons\Documents\GitHub\CS566SampleCode\raytrace\Debug\Triangle.obj
C:\Users\Gregory Parsons\Documents\GitHub\CS566SampleCode\raytrace\Debug\Vector3d.obj
C:\Users\Gregory Parsons\Documents\GitHub\CS566SampleCode\raytrace\Debug\cl.command.1.tlog
C:\Users\Gregory Parsons\Documents\GitHub\CS566SampleCode\raytrace\Debug\CL.read.1.tlog
C:\Users\Gregory Parsons\Documents\GitHub\CS566SampleCode\raytrace\Debug\CL.write.1.tlog
C:\Users\Gregory Parsons\Documents\GitHub\CS566SampleCode\raytrace\Debug\link-cvtres.read.1.tlog
C:\Users\Gregory Parsons\Documents\GitHub\CS566SampleCode\raytrace\Debug\link-cvtres.write.1.tlog
C:\Users\Gregory Parsons\Documents\GitHub\CS566SampleCode\raytrace\Debug\link-rc.read.1.tlog
C:\Users\Gregory Parsons\Documents\GitHub\CS566SampleCode\raytrace\Debug\link-rc.write.1.tlog
C:\Users\Gregory Parsons\Documents\GitHub\CS566SampleCode\raytrace\Debug\link.1200-cvtres.read.1.tlog
C:\Users\Gregory Parsons\Documents\GitHub\CS566SampleCode\raytrace\Debug\link.1200-cvtres.write.1.tlog
C:\Users\Gregory Parsons\Documents\GitHub\CS566SampleCode\raytrace\Debug\link.1200-rc.read.1.tlog
C:\Users\Gregory Parsons\Documents\GitHub\CS566SampleCode\raytrace\Debug\link.1200-rc.write.1.tlog
C:\Users\Gregory Parsons\Documents\GitHub\CS566SampleCode\raytrace\Debug\link.1200.read.1.tlog
C:\Users\Gregory Parsons\Documents\GitHub\CS566SampleCode\raytrace\Debug\link.1200.write.1.tlog
C:\Users\Gregory Parsons\Documents\GitHub\CS566SampleCode\raytrace\Debug\link.3524-cvtres.read.1.tlog
C:\Users\Gregory Parsons\Documents\GitHub\CS566SampleCode\raytrace\Debug\link.3524-cvtres.write.1.tlog
C:\Users\Gregory Parsons\Documents\GitHub\CS566SampleCode\raytrace\Debug\link.3524-rc.read.1.tlog
C:\Users\Gregory Parsons\Documents\GitHub\CS566SampleCode\raytrace\Debug\link.3524-rc.write.1.tlog
C:\Users\Gregory Parsons\Documents\GitHub\CS566SampleCode\raytrace\Debug\link.3524.read.1.tlog
C:\Users\Gregory Parsons\Documents\GitHub\CS566SampleCode\raytrace\Debug\link.3524.write.1.tlog
C:\Users\Gregory Parsons\Documents\GitHub\CS566SampleCode\raytrace\Debug\link.5752-cvtres.read.1.tlog
C:\Users\Gregory Parsons\Documents\GitHub\CS566SampleCode\raytrace\Debug\link.5752-cvtres.write.1.tlog
C:\Users\Gregory Parsons\Documents\GitHub\CS566SampleCode\raytrace\Debug\link.5752-rc.read.1.tlog
C:\Users\Gregory Parsons\Documents\GitHub\CS566SampleCode\raytrace\Debug\link.5752-rc.write.1.tlog
C:\Users\Gregory Parsons\Documents\GitHub\CS566SampleCode\raytrace\Debug\link.5752.read.1.tlog
C:\Users\Gregory Parsons\Documents\GitHub\CS566SampleCode\raytrace\Debug\link.5752.write.1.tlog
C:\Users\Gregory Parsons\Documents\GitHub\CS566SampleCode\raytrace\Debug\link.6092-cvtres.read.1.tlog
C:\Users\Gregory Parsons\Documents\GitHub\CS566SampleCode\raytrace\Debug\link.6092-cvtres.write.1.tlog
C:\Users\Gregory Parsons\Documents\GitHub\CS566SampleCode\raytrace\Debug\link.6092-rc.read.1.tlog
C:\Users\Gregory Parsons\Documents\GitHub\CS566SampleCode\raytrace\Debug\link.6092-rc.write.1.tlog
C:\Users\Gregory Parsons\Documents\GitHub\CS566SampleCode\raytrace\Debug\link.6092.read.1.tlog
C:\Users\Gregory Parsons\Documents\GitHub\CS566SampleCode\raytrace\Debug\link.6092.write.1.tlog
C:\Users\Gregory Parsons\Documents\GitHub\CS566SampleCode\raytrace\Debug\link.6264-cvtres.read.1.tlog
C:\Users\Gregory Parsons\Documents\GitHub\CS566SampleCode\raytrace\Debug\link.6264-cvtres.write.1.tlog
C:\Users\Gregory Parsons\Documents\GitHub\CS566SampleCode\raytrace\Debug\link.6264-rc.read.1.tlog
C:\Users\Gregory Parsons\Documents\GitHub\CS566SampleCode\raytrace\Debug\link.6264-rc.write.1.tlog
C:\Users\Gregory Parsons\Documents\GitHub\CS566SampleCode\raytrace\Debug\link.6264.read.1.tlog
C:\Users\Gregory Parsons\Documents\GitHub\CS566SampleCode\raytrace\Debug\link.6264.write.1.tlog
C:\Users\Gregory Parsons\Documents\GitHub\CS566SampleCode\raytrace\Debug\link.6736-cvtres.read.1.tlog
C:\Users\Gregory Parsons\Documents\GitHub\CS566SampleCode\raytrace\Debug\link.6736-cvtres.write.1.tlog
C:\Users\Gregory Parsons\Documents\GitHub\CS566SampleCode\raytrace\Debug\link.6736-rc.read.1.tlog
C:\Users\Gregory Parsons\Documents\GitHub\CS566SampleCode\raytrace\Debug\link.6736-rc.write.1.tlog
C:\Users\Gregory Parsons\Documents\GitHub\CS566SampleCode\raytrace\Debug\link.6736.read.1.tlog
C:\Users\Gregory Parsons\Documents\GitHub\CS566SampleCode\raytrace\Debug\link.6736.write.1.tlog
C:\Users\Gregory Parsons\Documents\GitHub\CS566SampleCode\raytrace\Debug\link.6848-cvtres.read.1.tlog
C:\Users\Gregory Parsons\Documents\GitHub\CS566SampleCode\raytrace\Debug\link.6848-cvtres.write.1.tlog
C:\Users\Gregory Parsons\Documents\GitHub\CS566SampleCode\raytrace\Debug\link.6848-rc.read.1.tlog
C:\Users\Gregory Parsons\Documents\GitHub\CS566SampleCode\raytrace\Debug\link.6848-rc.write.1.tlog
C:\Users\Gregory Parsons\Documents\GitHub\CS566SampleCode\raytrace\Debug\link.6848.read.1.tlog
C:\Users\Gregory Parsons\Documents\GitHub\CS566SampleCode\raytrace\Debug\link.6848.write.1.tlog
C:\Users\Gregory Parsons\Documents\GitHub\CS566SampleCode\raytrace\Debug\link.6976-cvtres.read.1.tlog
C:\Users\Gregory Parsons\Documents\GitHub\CS566SampleCode\raytrace\Debug\link.6976-cvtres.write.1.tlog
C:\Users\Gregory Parsons\Documents\GitHub\CS566SampleCode\raytrace\Debug\link.6976-rc.read.1.tlog
C:\Users\Gregory Parsons\Documents\GitHub\CS566SampleCode\raytrace\Debug\link.6976-rc.write.1.tlog
C:\Users\Gregory Parsons\Documents\GitHub\CS566SampleCode\raytrace\Debug\link.6976.read.1.tlog
C:\Users\Gregory Parsons\Documents\GitHub\CS566SampleCode\raytrace\Debug\link.6976.write.1.tlog
C:\Users\Gregory Parsons\Documents\GitHub\CS566SampleCode\raytrace\Debug\link.command.1.tlog
C:\Users\Gregory Parsons\Documents\GitHub\CS566SampleCode\raytrace\Debug\link.read.1.tlog
C:\Users\Gregory Parsons\Documents\GitHub\CS566SampleCode\raytrace\Debug\link.write.1.tlog
C:\Users\Gregory Parsons\Documents\GitHub\CS566SampleCode\raytrace\Debug\vc110.idb
C:\Users\Gregory Parsons\Documents\GitHub\CS566SampleCode\raytrace\Debug\raytrace.pdb
C:\Users\Gregory Parsons\Documents\GitHub\CS566SampleCode\raytrace\Debug\vc110.pdb
